<?xml version="1.0" encoding="UTF-8"?>
<testsuite name="uk.co.test.cucumber.runners.CustomTestRunner" time="12.399" tests="29" errors="0" skipped="0" failures="0">
  <properties>
    <property name="idea.version" value="2017.2.5"/>
    <property name="java.runtime.name" value="Java(TM) SE Runtime Environment"/>
    <property name="sun.boot.library.path" value="C:\Program Files\Java\jdk1.8.0_131\jre\bin"/>
    <property name="java.vm.version" value="25.131-b11"/>
    <property name="serenity.outputDirectory" value="./target/site/serenity"/>
    <property name="java.vm.vendor" value="Oracle Corporation"/>
    <property name="maven.multiModuleProjectDirectory" value="C:\Users\hisg380\Documents\serenity-web-template"/>
    <property name="java.vendor.url" value="http://java.oracle.com/"/>
    <property name="path.separator" value=";"/>
    <property name="guice.disable.misplaced.annotation.check" value="true"/>
    <property name="java.vm.name" value="Java HotSpot(TM) 64-Bit Server VM"/>
    <property name="file.encoding.pkg" value="sun.io"/>
    <property name="user.script" value=""/>
    <property name="user.country" value="GB"/>
    <property name="sun.java.launcher" value="SUN_STANDARD"/>
    <property name="sun.os.patch.level" value="Service Pack 1"/>
    <property name="java.vm.specification.name" value="Java Virtual Machine Specification"/>
    <property name="user.dir" value="C:\Users\hisg380\Documents\serenity-web-template"/>
    <property name="java.runtime.version" value="1.8.0_131-b11"/>
    <property name="java.awt.graphicsenv" value="sun.awt.Win32GraphicsEnvironment"/>
    <property name="java.endorsed.dirs" value="C:\Program Files\Java\jdk1.8.0_131\jre\lib\endorsed"/>
    <property name="os.arch" value="amd64"/>
    <property name="java.io.tmpdir" value="C:\Users\hisg380\AppData\Local\Temp\"/>
    <property name="line.separator" value="&#10;"/>
    <property name="java.vm.specification.vendor" value="Oracle Corporation"/>
    <property name="user.variant" value=""/>
    <property name="os.name" value="Windows 7"/>
    <property name="classworlds.conf" value="C:\Program Files\JetBrains\IntelliJ IDEA Community Edition 2017.2.5\plugins\maven\lib\maven3\bin\m2.conf"/>
    <property name="sun.jnu.encoding" value="Cp1252"/>
    <property name="java.library.path" value="C:\Program Files\Java\jdk1.8.0_131\bin;C:\WINDOWS\Sun\Java\bin;C:\WINDOWS\system32;C:\WINDOWS;C:\Program Files\Common Files\Microsoft Shared\Microsoft Online Services;C:\Program Files (x86)\Common Files\Microsoft Shared\Microsoft Online Services;C:\ProgramData\Oracle\Java\javapath;C:\WINDOWS\system32;C:\WINDOWS;C:\WINDOWS\System32\Wbem;C:\WINDOWS\System32\WindowsPowerShell\v1.0\;C:\Program Files\Intel\WiFi\bin\;C:\Program Files\Common Files\Intel\WirelessCommon\;C:\Program Files (x86)\Skype\Phone\;C:\Program Files\Git\cmd;C:\Program Files\Java\jdk1.8.0_131/bin;C:\Program Files (x86)\Android\android-sdk\platform-tools;C:\Program Files (x86)\Android\android-sdk\tools;C:\JavaDev\apache-maven-3.5.2\bin;C:\Program Files\TortoiseGit\bin;."/>
    <property name="java.specification.name" value="Java Platform API Specification"/>
    <property name="java.class.version" value="52.0"/>
    <property name="sun.management.compiler" value="HotSpot 64-Bit Tiered Compilers"/>
    <property name="os.version" value="6.1"/>
    <property name="user.home" value="C:\Users\hisg380"/>
    <property name="user.timezone" value="Europe/London"/>
    <property name="java.awt.printerjob" value="sun.awt.windows.WPrinterJob"/>
    <property name="java.specification.version" value="1.8"/>
    <property name="file.encoding" value="UTF-8"/>
    <property name="user.name" value="hisg380"/>
    <property name="java.class.path" value="C:\Program Files\JetBrains\IntelliJ IDEA Community Edition 2017.2.5\plugins\maven\lib\maven3\boot\plexus-classworlds-2.5.2.jar;C:\Program Files\JetBrains\IntelliJ IDEA Community Edition 2017.2.5\lib\idea_rt.jar"/>
    <property name="java.vm.specification.version" value="1.8"/>
    <property name="sun.arch.data.model" value="64"/>
    <property name="java.home" value="C:\Program Files\Java\jdk1.8.0_131\jre"/>
    <property name="sun.java.command" value="org.codehaus.classworlds.Launcher -Didea.version=2017.2.5 clean verify -B -Pserenity serenity:aggregate -Dserenity.outputDirectory=./target/site/serenity"/>
    <property name="java.specification.vendor" value="Oracle Corporation"/>
    <property name="user.language" value="en"/>
    <property name="awt.toolkit" value="sun.awt.windows.WToolkit"/>
    <property name="java.vm.info" value="mixed mode"/>
    <property name="java.version" value="1.8.0_131"/>
    <property name="java.ext.dirs" value="C:\Program Files\Java\jdk1.8.0_131\jre\lib\ext;C:\WINDOWS\Sun\Java\lib\ext"/>
    <property name="sun.boot.class.path" value="C:\Program Files\Java\jdk1.8.0_131\jre\lib\resources.jar;C:\Program Files\Java\jdk1.8.0_131\jre\lib\rt.jar;C:\Program Files\Java\jdk1.8.0_131\jre\lib\sunrsasign.jar;C:\Program Files\Java\jdk1.8.0_131\jre\lib\jsse.jar;C:\Program Files\Java\jdk1.8.0_131\jre\lib\jce.jar;C:\Program Files\Java\jdk1.8.0_131\jre\lib\charsets.jar;C:\Program Files\Java\jdk1.8.0_131\jre\lib\jfr.jar;C:\Program Files\Java\jdk1.8.0_131\jre\classes"/>
    <property name="java.vendor" value="Oracle Corporation"/>
    <property name="maven.home" value="C:\Program Files\JetBrains\IntelliJ IDEA Community Edition 2017.2.5\plugins\maven\lib\maven3"/>
    <property name="file.separator" value="\"/>
    <property name="java.vendor.url.bug" value="http://bugreport.sun.com/bugreport/"/>
    <property name="sun.cpu.endian" value="little"/>
    <property name="sun.io.unicode.encoding" value="UnicodeLittle"/>
    <property name="sun.desktop" value="windows"/>
    <property name="sun.cpu.isalist" value="amd64"/>
  </properties>
  <testcase name="Given the customer navigates to the CapitalOne credit card eligibility check website" classname="Scenario: The one where customer fills in all the fields and submits" time="0.002"/>
  <testcase name="When he enters valid data for all the fields" classname="Scenario: The one where customer fills in all the fields and submits" time="0"/>
  <testcase name="And he clicks CheckNow" classname="Scenario: The one where customer fills in all the fields and submits" time="0"/>
  <testcase name="Then he will be redirected to the page with positive results on eligibilty check" classname="Scenario: The one where customer fills in all the fields and submits" time="0"/>
  <testcase name="Scenario: The one where customer fills in all the fields and submits" classname="Scenario: The one where customer fills in all the fields and submits" time="7.249"/>
  <testcase name="Given the customer navigates to the CapitalOne credit card eligibility check website" classname="Scenario: The one where customer fills in only the mandatory fields and submits" time="0"/>
  <testcase name="When he enters valid data for only the mandatory fields" classname="Scenario: The one where customer fills in only the mandatory fields and submits" time="0"/>
  <testcase name="And he clicks CheckNow" classname="Scenario: The one where customer fills in only the mandatory fields and submits" time="0"/>
  <testcase name="Then he will be redirected to the page with positive results on eligibilty check" classname="Scenario: The one where customer fills in only the mandatory fields and submits" time="0"/>
  <testcase name="Scenario: The one where customer fills in only the mandatory fields and submits" classname="Scenario: The one where customer fills in only the mandatory fields and submits" time="0.813"/>
  <testcase name="Given the customer navigates to the CapitalOne credit card eligibility check website" classname="Scenario: The one where customer leaves the mandatory fields empty and submits" time="0"/>
  <testcase name="When he clicks CheckNow" classname="Scenario: The one where customer leaves the mandatory fields empty and submits" time="0"/>
  <testcase name="Then validation errors will be highlighted in red for all the mandatory fields" classname="Scenario: The one where customer leaves the mandatory fields empty and submits" time="0"/>
  <testcase name="Scenario: The one where customer leaves the mandatory fields empty and submits" classname="Scenario: The one where customer leaves the mandatory fields empty and submits" time="0.804"/>
  <testcase name="Given the customer navigates to the CapitalOne credit card eligibility check website" classname="| 12&amp;% | test.gmail.com |" time="0"/>
  <testcase name="When he enters first name &quot;12&amp;%&quot; and emailID &quot;test.gmail.com&quot;" classname="| 12&amp;% | test.gmail.com |" time="0"/>
  <testcase name="And he clicks CheckNow" classname="| 12&amp;% | test.gmail.com |" time="0"/>
  <testcase name="Then validation errors will be highlighted in red for the name and emaiID fields" classname="| 12&amp;% | test.gmail.com |" time="0"/>
  <testcase name="| 12&amp;% | test.gmail.com |" classname="| 12&amp;% | test.gmail.com |" time="1.201"/>
  <testcase name="Given the customer navigates to the CapitalOne credit card eligibility check website" classname="| 11 | Jan | 2014 |" time="0"/>
  <testcase name="When he selects date of birth with date &quot;11&quot; month &quot;Jan&quot; and year &quot;2014&quot;" classname="| 11 | Jan | 2014 |" time="0"/>
  <testcase name="And he clicks CheckNow" classname="| 11 | Jan | 2014 |" time="0"/>
  <testcase name="Then a pop-up is displayed checking if the customer is 18 years or over" classname="| 11 | Jan | 2014 |" time="0"/>
  <testcase name="| 11 | Jan | 2014 |" classname="| 11 | Jan | 2014 |" time="1.359"/>
  <testcase name="Given the customer navigates to the CapitalOne credit card eligibility check website" classname="Scenario: The one where customer fills in invalid postcode" time="0"/>
  <testcase name="When he fills in invalid postcode &quot;S12345&quot;" classname="Scenario: The one where customer fills in invalid postcode" time="0"/>
  <testcase name="And he clicks FindAddress" classname="Scenario: The one where customer fills in invalid postcode" time="0"/>
  <testcase name="Then a validation error will be highlighted in red for the postcode field" classname="Scenario: The one where customer fills in invalid postcode" time="0"/>
  <testcase name="Scenario: The one where customer fills in invalid postcode" classname="Scenario: The one where customer fills in invalid postcode" time="0.971"/>
</testsuite>